<?xml version="1.0" encoding="UTF-8"?>
<testsuite name="ShoppingCartTests" tests="1" skipped="0" failures="0" errors="0" timestamp="2020-11-24T07:42:59" hostname="DESKTOP-424SN41" time="0.202">
  <properties/>
  <testcase name="testAddingExistingItem" classname="ShoppingCartTests" time="0.202"/>
  <system-out><![CDATA[]]></system-out>
  <system-err><![CDATA[ERROR StatusLogger No log4j2 configuration file found. Using default configuration: logging only errors to the console.
]]></system-err>
</testsuite>
